<?xml version="1.0" encoding="UTF-8"?>
<testsuite xmlns:xsi="http://www.w3.org/2001/XMLSchema-instance" xsi:noNamespaceSchemaLocation="https://maven.apache.org/surefire/maven-surefire-plugin/xsd/surefire-test-report-3.0.xsd" version="3.0" name="demo.secondouclogin.TestDemoLogin" time="0.153" tests="3" errors="0" skipped="0" failures="0">
  <properties>
    <property name="java.specification.version" value="17"/>
    <property name="sun.jnu.encoding" value="UTF-8"/>
    <property name="sun.awt.enableExtraMouseButtons" value="true"/>
    <property name="java.class.path" value="/home/daniele/IdeaProjects/BookShopOnline25/target/test-classes:/home/daniele/IdeaProjects/BookShopOnline25/target/classes:/home/daniele/.m2/repository/com/opencsv/opencsv/5.7.1/opencsv-5.7.1.jar:/home/daniele/.m2/repository/org/apache/commons/commons-lang3/3.12.0/commons-lang3-3.12.0.jar:/home/daniele/.m2/repository/org/apache/commons/commons-text/1.10.0/commons-text-1.10.0.jar:/home/daniele/.m2/repository/org/apache/commons/commons-collections4/4.4/commons-collections4-4.4.jar:/home/daniele/.m2/repository/org/junit/jupiter/junit-jupiter-api/5.9.2/junit-jupiter-api-5.9.2.jar:/home/daniele/.m2/repository/org/opentest4j/opentest4j/1.2.0/opentest4j-1.2.0.jar:/home/daniele/.m2/repository/org/junit/platform/junit-platform-commons/1.9.2/junit-platform-commons-1.9.2.jar:/home/daniele/.m2/repository/org/apiguardian/apiguardian-api/1.1.2/apiguardian-api-1.1.2.jar:/home/daniele/.m2/repository/org/junit/jupiter/junit-jupiter-engine/5.9.2/junit-jupiter-engine-5.9.2.jar:/home/daniele/.m2/repository/org/junit/platform/junit-platform-engine/1.9.2/junit-platform-engine-1.9.2.jar:/home/daniele/.m2/repository/org/junit/jupiter/junit-jupiter-params/5.9.2/junit-jupiter-params-5.9.2.jar:/home/daniele/.m2/repository/org/openjfx/javafx-controls/17/javafx-controls-17.jar:/home/daniele/.m2/repository/org/openjfx/javafx-controls/17/javafx-controls-17-linux.jar:/home/daniele/.m2/repository/org/openjfx/javafx-graphics/17/javafx-graphics-17.jar:/home/daniele/.m2/repository/org/openjfx/javafx-graphics/17/javafx-graphics-17-linux.jar:/home/daniele/.m2/repository/org/openjfx/javafx-base/17/javafx-base-17.jar:/home/daniele/.m2/repository/org/openjfx/javafx-base/17/javafx-base-17-linux.jar:/home/daniele/.m2/repository/org/openjfx/javafx-fxml/17/javafx-fxml-17.jar:/home/daniele/.m2/repository/org/openjfx/javafx-fxml/17/javafx-fxml-17-linux.jar:/home/daniele/.m2/repository/com/mysql/mysql-connector-j/8.2.0/mysql-connector-j-8.2.0.jar:/home/daniele/.m2/repository/com/google/protobuf/protobuf-java/3.21.9/protobuf-java-3.21.9.jar:/home/daniele/.m2/repository/com/itextpdf/itextpdf/5.5.13.3/itextpdf-5.5.13.3.jar:/home/daniele/.m2/repository/org/seleniumhq/selenium/selenium-devtools-v131/4.27.0/selenium-devtools-v131-4.27.0.jar:/home/daniele/.m2/repository/com/google/auto/service/auto-service-annotations/1.1.1/auto-service-annotations-1.1.1.jar:/home/daniele/.m2/repository/org/seleniumhq/selenium/selenium-api/4.27.0/selenium-api-4.27.0.jar:/home/daniele/.m2/repository/org/jspecify/jspecify/1.0.0/jspecify-1.0.0.jar:/home/daniele/.m2/repository/org/seleniumhq/selenium/selenium-json/4.27.0/selenium-json-4.27.0.jar:/home/daniele/.m2/repository/org/seleniumhq/selenium/selenium-remote-driver/4.27.0/selenium-remote-driver-4.27.0.jar:/home/daniele/.m2/repository/com/google/guava/guava/33.3.1-jre/guava-33.3.1-jre.jar:/home/daniele/.m2/repository/com/google/guava/failureaccess/1.0.2/failureaccess-1.0.2.jar:/home/daniele/.m2/repository/com/google/guava/listenablefuture/9999.0-empty-to-avoid-conflict-with-guava/listenablefuture-9999.0-empty-to-avoid-conflict-with-guava.jar:/home/daniele/.m2/repository/com/google/code/findbugs/jsr305/3.0.2/jsr305-3.0.2.jar:/home/daniele/.m2/repository/org/checkerframework/checker-qual/3.43.0/checker-qual-3.43.0.jar:/home/daniele/.m2/repository/com/google/errorprone/error_prone_annotations/2.28.0/error_prone_annotations-2.28.0.jar:/home/daniele/.m2/repository/com/google/j2objc/j2objc-annotations/3.0.0/j2objc-annotations-3.0.0.jar:/home/daniele/.m2/repository/io/opentelemetry/semconv/opentelemetry-semconv/1.25.0-alpha/opentelemetry-semconv-1.25.0-alpha.jar:/home/daniele/.m2/repository/io/opentelemetry/opentelemetry-api/1.44.1/opentelemetry-api-1.44.1.jar:/home/daniele/.m2/repository/io/opentelemetry/opentelemetry-context/1.44.1/opentelemetry-context-1.44.1.jar:/home/daniele/.m2/repository/io/opentelemetry/opentelemetry-exporter-logging/1.44.1/opentelemetry-exporter-logging-1.44.1.jar:/home/daniele/.m2/repository/io/opentelemetry/opentelemetry-sdk-common/1.44.1/opentelemetry-sdk-common-1.44.1.jar:/home/daniele/.m2/repository/io/opentelemetry/opentelemetry-sdk-extension-autoconfigure-spi/1.44.1/opentelemetry-sdk-extension-autoconfigure-spi-1.44.1.jar:/home/daniele/.m2/repository/io/opentelemetry/opentelemetry-sdk-extension-autoconfigure/1.44.1/opentelemetry-sdk-extension-autoconfigure-1.44.1.jar:/home/daniele/.m2/repository/io/opentelemetry/opentelemetry-api-incubator/1.44.1-alpha/opentelemetry-api-incubator-1.44.1-alpha.jar:/home/daniele/.m2/repository/io/opentelemetry/opentelemetry-sdk-trace/1.44.1/opentelemetry-sdk-trace-1.44.1.jar:/home/daniele/.m2/repository/io/opentelemetry/opentelemetry-sdk/1.44.1/opentelemetry-sdk-1.44.1.jar:/home/daniele/.m2/repository/io/opentelemetry/opentelemetry-sdk-metrics/1.44.1/opentelemetry-sdk-metrics-1.44.1.jar:/home/daniele/.m2/repository/io/opentelemetry/opentelemetry-sdk-logs/1.44.1/opentelemetry-sdk-logs-1.44.1.jar:/home/daniele/.m2/repository/net/bytebuddy/byte-buddy/1.15.10/byte-buddy-1.15.10.jar:/home/daniele/.m2/repository/org/seleniumhq/selenium/selenium-http/4.27.0/selenium-http-4.27.0.jar:/home/daniele/.m2/repository/dev/failsafe/failsafe/3.3.2/failsafe-3.3.2.jar:/home/daniele/.m2/repository/org/seleniumhq/selenium/selenium-os/4.27.0/selenium-os-4.27.0.jar:/home/daniele/.m2/repository/org/apache/commons/commons-exec/1.4.0/commons-exec-1.4.0.jar:/home/daniele/.m2/repository/org/glassfish/web/jakarta.servlet.jsp.jstl/3.0.1/jakarta.servlet.jsp.jstl-3.0.1.jar:/home/daniele/.m2/repository/jakarta/servlet/jsp/jstl/jakarta.servlet.jsp.jstl-api/3.0.0/jakarta.servlet.jsp.jstl-api-3.0.0.jar:/home/daniele/.m2/repository/jakarta/servlet/jakarta.servlet-api/6.0.0/jakarta.servlet-api-6.0.0.jar:/home/daniele/.m2/repository/jakarta/el/jakarta.el-api/5.0.0/jakarta.el-api-5.0.0.jar:/home/daniele/.m2/repository/org/seleniumhq/selenium/selenium-chrome-driver/4.27.0/selenium-chrome-driver-4.27.0.jar:/home/daniele/.m2/repository/org/seleniumhq/selenium/selenium-chromium-driver/4.27.0/selenium-chromium-driver-4.27.0.jar:/home/daniele/.m2/repository/org/seleniumhq/selenium/selenium-manager/4.27.0/selenium-manager-4.27.0.jar:/home/daniele/.m2/repository/org/sonarsource/scanner/maven/sonar-maven-plugin/4.0.0.4121/sonar-maven-plugin-4.0.0.4121.jar:/home/daniele/.m2/repository/org/sonatype/plexus/plexus-sec-dispatcher/1.4/plexus-sec-dispatcher-1.4.jar:/home/daniele/.m2/repository/org/sonatype/plexus/plexus-cipher/1.4/plexus-cipher-1.4.jar:/home/daniele/.m2/repository/org/sonarsource/scanner/api/sonar-scanner-api/2.16.3.1081/sonar-scanner-api-2.16.3.1081.jar:/home/daniele/.m2/repository/commons-lang/commons-lang/2.6/commons-lang-2.6.jar:/home/daniele/.m2/repository/commons-beanutils/commons-beanutils/1.9.4/commons-beanutils-1.9.4.jar:/home/daniele/.m2/repository/commons-logging/commons-logging/1.2/commons-logging-1.2.jar:/home/daniele/.m2/repository/commons-collections/commons-collections/3.2.2/commons-collections-3.2.2.jar:/home/daniele/.m2/repository/org/codehaus/mojo/build-helper-maven-plugin/3.4.0/build-helper-maven-plugin-3.4.0.jar:/home/daniele/.m2/repository/org/codehaus/plexus/plexus-utils/3.5.1/plexus-utils-3.5.1.jar:/home/daniele/.m2/repository/org/apache-extras/beanshell/bsh/2.0b6/bsh-2.0b6.jar:/home/daniele/.m2/repository/org/apache/maven/shared/file-management/3.1.0/file-management-3.1.0.jar:/home/daniele/.m2/repository/commons-io/commons-io/2.11.0/commons-io-2.11.0.jar:/home/daniele/.m2/repository/org/slf4j/slf4j-api/1.7.36/slf4j-api-1.7.36.jar:/home/daniele/.m2/repository/org/jetbrains/annotations/15.0/annotations-15.0.jar:"/>
    <property name="java.vm.vendor" value="Ubuntu"/>
    <property name="sun.arch.data.model" value="64"/>
    <property name="sun.font.fontmanager" value="sun.awt.X11FontManager"/>
    <property name="java.vendor.url" value="https://ubuntu.com/"/>
    <property name="user.timezone" value="Europe/Rome"/>
    <property name="os.name" value="Linux"/>
    <property name="java.vm.specification.version" value="17"/>
    <property name="sun.java.launcher" value="SUN_STANDARD"/>
    <property name="user.country" value="IT"/>
    <property name="sun.boot.library.path" value="/usr/lib/jvm/java-17-openjdk-amd64/lib"/>
    <property name="sun.java.command" value="/home/daniele/IdeaProjects/BookShopOnline25/target/surefire/surefirebooter8787706483638246357.jar /home/daniele/IdeaProjects/BookShopOnline25/target/surefire 2025-08-17T19-58-21_176-jvmRun1 surefire13848822922333015885tmp surefire_014224540370562878594tmp"/>
    <property name="jdk.debug" value="release"/>
    <property name="surefire.test.class.path" value="/home/daniele/IdeaProjects/BookShopOnline25/target/test-classes:/home/daniele/IdeaProjects/BookShopOnline25/target/classes:/home/daniele/.m2/repository/com/opencsv/opencsv/5.7.1/opencsv-5.7.1.jar:/home/daniele/.m2/repository/org/apache/commons/commons-lang3/3.12.0/commons-lang3-3.12.0.jar:/home/daniele/.m2/repository/org/apache/commons/commons-text/1.10.0/commons-text-1.10.0.jar:/home/daniele/.m2/repository/org/apache/commons/commons-collections4/4.4/commons-collections4-4.4.jar:/home/daniele/.m2/repository/org/junit/jupiter/junit-jupiter-api/5.9.2/junit-jupiter-api-5.9.2.jar:/home/daniele/.m2/repository/org/opentest4j/opentest4j/1.2.0/opentest4j-1.2.0.jar:/home/daniele/.m2/repository/org/junit/platform/junit-platform-commons/1.9.2/junit-platform-commons-1.9.2.jar:/home/daniele/.m2/repository/org/apiguardian/apiguardian-api/1.1.2/apiguardian-api-1.1.2.jar:/home/daniele/.m2/repository/org/junit/jupiter/junit-jupiter-engine/5.9.2/junit-jupiter-engine-5.9.2.jar:/home/daniele/.m2/repository/org/junit/platform/junit-platform-engine/1.9.2/junit-platform-engine-1.9.2.jar:/home/daniele/.m2/repository/org/junit/jupiter/junit-jupiter-params/5.9.2/junit-jupiter-params-5.9.2.jar:/home/daniele/.m2/repository/org/openjfx/javafx-controls/17/javafx-controls-17.jar:/home/daniele/.m2/repository/org/openjfx/javafx-controls/17/javafx-controls-17-linux.jar:/home/daniele/.m2/repository/org/openjfx/javafx-graphics/17/javafx-graphics-17.jar:/home/daniele/.m2/repository/org/openjfx/javafx-graphics/17/javafx-graphics-17-linux.jar:/home/daniele/.m2/repository/org/openjfx/javafx-base/17/javafx-base-17.jar:/home/daniele/.m2/repository/org/openjfx/javafx-base/17/javafx-base-17-linux.jar:/home/daniele/.m2/repository/org/openjfx/javafx-fxml/17/javafx-fxml-17.jar:/home/daniele/.m2/repository/org/openjfx/javafx-fxml/17/javafx-fxml-17-linux.jar:/home/daniele/.m2/repository/com/mysql/mysql-connector-j/8.2.0/mysql-connector-j-8.2.0.jar:/home/daniele/.m2/repository/com/google/protobuf/protobuf-java/3.21.9/protobuf-java-3.21.9.jar:/home/daniele/.m2/repository/com/itextpdf/itextpdf/5.5.13.3/itextpdf-5.5.13.3.jar:/home/daniele/.m2/repository/org/seleniumhq/selenium/selenium-devtools-v131/4.27.0/selenium-devtools-v131-4.27.0.jar:/home/daniele/.m2/repository/com/google/auto/service/auto-service-annotations/1.1.1/auto-service-annotations-1.1.1.jar:/home/daniele/.m2/repository/org/seleniumhq/selenium/selenium-api/4.27.0/selenium-api-4.27.0.jar:/home/daniele/.m2/repository/org/jspecify/jspecify/1.0.0/jspecify-1.0.0.jar:/home/daniele/.m2/repository/org/seleniumhq/selenium/selenium-json/4.27.0/selenium-json-4.27.0.jar:/home/daniele/.m2/repository/org/seleniumhq/selenium/selenium-remote-driver/4.27.0/selenium-remote-driver-4.27.0.jar:/home/daniele/.m2/repository/com/google/guava/guava/33.3.1-jre/guava-33.3.1-jre.jar:/home/daniele/.m2/repository/com/google/guava/failureaccess/1.0.2/failureaccess-1.0.2.jar:/home/daniele/.m2/repository/com/google/guava/listenablefuture/9999.0-empty-to-avoid-conflict-with-guava/listenablefuture-9999.0-empty-to-avoid-conflict-with-guava.jar:/home/daniele/.m2/repository/com/google/code/findbugs/jsr305/3.0.2/jsr305-3.0.2.jar:/home/daniele/.m2/repository/org/checkerframework/checker-qual/3.43.0/checker-qual-3.43.0.jar:/home/daniele/.m2/repository/com/google/errorprone/error_prone_annotations/2.28.0/error_prone_annotations-2.28.0.jar:/home/daniele/.m2/repository/com/google/j2objc/j2objc-annotations/3.0.0/j2objc-annotations-3.0.0.jar:/home/daniele/.m2/repository/io/opentelemetry/semconv/opentelemetry-semconv/1.25.0-alpha/opentelemetry-semconv-1.25.0-alpha.jar:/home/daniele/.m2/repository/io/opentelemetry/opentelemetry-api/1.44.1/opentelemetry-api-1.44.1.jar:/home/daniele/.m2/repository/io/opentelemetry/opentelemetry-context/1.44.1/opentelemetry-context-1.44.1.jar:/home/daniele/.m2/repository/io/opentelemetry/opentelemetry-exporter-logging/1.44.1/opentelemetry-exporter-logging-1.44.1.jar:/home/daniele/.m2/repository/io/opentelemetry/opentelemetry-sdk-common/1.44.1/opentelemetry-sdk-common-1.44.1.jar:/home/daniele/.m2/repository/io/opentelemetry/opentelemetry-sdk-extension-autoconfigure-spi/1.44.1/opentelemetry-sdk-extension-autoconfigure-spi-1.44.1.jar:/home/daniele/.m2/repository/io/opentelemetry/opentelemetry-sdk-extension-autoconfigure/1.44.1/opentelemetry-sdk-extension-autoconfigure-1.44.1.jar:/home/daniele/.m2/repository/io/opentelemetry/opentelemetry-api-incubator/1.44.1-alpha/opentelemetry-api-incubator-1.44.1-alpha.jar:/home/daniele/.m2/repository/io/opentelemetry/opentelemetry-sdk-trace/1.44.1/opentelemetry-sdk-trace-1.44.1.jar:/home/daniele/.m2/repository/io/opentelemetry/opentelemetry-sdk/1.44.1/opentelemetry-sdk-1.44.1.jar:/home/daniele/.m2/repository/io/opentelemetry/opentelemetry-sdk-metrics/1.44.1/opentelemetry-sdk-metrics-1.44.1.jar:/home/daniele/.m2/repository/io/opentelemetry/opentelemetry-sdk-logs/1.44.1/opentelemetry-sdk-logs-1.44.1.jar:/home/daniele/.m2/repository/net/bytebuddy/byte-buddy/1.15.10/byte-buddy-1.15.10.jar:/home/daniele/.m2/repository/org/seleniumhq/selenium/selenium-http/4.27.0/selenium-http-4.27.0.jar:/home/daniele/.m2/repository/dev/failsafe/failsafe/3.3.2/failsafe-3.3.2.jar:/home/daniele/.m2/repository/org/seleniumhq/selenium/selenium-os/4.27.0/selenium-os-4.27.0.jar:/home/daniele/.m2/repository/org/apache/commons/commons-exec/1.4.0/commons-exec-1.4.0.jar:/home/daniele/.m2/repository/org/glassfish/web/jakarta.servlet.jsp.jstl/3.0.1/jakarta.servlet.jsp.jstl-3.0.1.jar:/home/daniele/.m2/repository/jakarta/servlet/jsp/jstl/jakarta.servlet.jsp.jstl-api/3.0.0/jakarta.servlet.jsp.jstl-api-3.0.0.jar:/home/daniele/.m2/repository/jakarta/servlet/jakarta.servlet-api/6.0.0/jakarta.servlet-api-6.0.0.jar:/home/daniele/.m2/repository/jakarta/el/jakarta.el-api/5.0.0/jakarta.el-api-5.0.0.jar:/home/daniele/.m2/repository/org/seleniumhq/selenium/selenium-chrome-driver/4.27.0/selenium-chrome-driver-4.27.0.jar:/home/daniele/.m2/repository/org/seleniumhq/selenium/selenium-chromium-driver/4.27.0/selenium-chromium-driver-4.27.0.jar:/home/daniele/.m2/repository/org/seleniumhq/selenium/selenium-manager/4.27.0/selenium-manager-4.27.0.jar:/home/daniele/.m2/repository/org/sonarsource/scanner/maven/sonar-maven-plugin/4.0.0.4121/sonar-maven-plugin-4.0.0.4121.jar:/home/daniele/.m2/repository/org/sonatype/plexus/plexus-sec-dispatcher/1.4/plexus-sec-dispatcher-1.4.jar:/home/daniele/.m2/repository/org/sonatype/plexus/plexus-cipher/1.4/plexus-cipher-1.4.jar:/home/daniele/.m2/repository/org/sonarsource/scanner/api/sonar-scanner-api/2.16.3.1081/sonar-scanner-api-2.16.3.1081.jar:/home/daniele/.m2/repository/commons-lang/commons-lang/2.6/commons-lang-2.6.jar:/home/daniele/.m2/repository/commons-beanutils/commons-beanutils/1.9.4/commons-beanutils-1.9.4.jar:/home/daniele/.m2/repository/commons-logging/commons-logging/1.2/commons-logging-1.2.jar:/home/daniele/.m2/repository/commons-collections/commons-collections/3.2.2/commons-collections-3.2.2.jar:/home/daniele/.m2/repository/org/codehaus/mojo/build-helper-maven-plugin/3.4.0/build-helper-maven-plugin-3.4.0.jar:/home/daniele/.m2/repository/org/codehaus/plexus/plexus-utils/3.5.1/plexus-utils-3.5.1.jar:/home/daniele/.m2/repository/org/apache-extras/beanshell/bsh/2.0b6/bsh-2.0b6.jar:/home/daniele/.m2/repository/org/apache/maven/shared/file-management/3.1.0/file-management-3.1.0.jar:/home/daniele/.m2/repository/commons-io/commons-io/2.11.0/commons-io-2.11.0.jar:/home/daniele/.m2/repository/org/slf4j/slf4j-api/1.7.36/slf4j-api-1.7.36.jar:/home/daniele/.m2/repository/org/jetbrains/annotations/15.0/annotations-15.0.jar:"/>
    <property name="sun.cpu.endian" value="little"/>
    <property name="user.home" value="/home/daniele"/>
    <property name="user.language" value="it"/>
    <property name="java.specification.vendor" value="Oracle Corporation"/>
    <property name="java.version.date" value="2025-04-15"/>
    <property name="java.home" value="/usr/lib/jvm/java-17-openjdk-amd64"/>
    <property name="file.separator" value="/"/>
    <property name="basedir" value="/home/daniele/IdeaProjects/BookShopOnline25"/>
    <property name="java.vm.compressedOopsMode" value="Zero based"/>
    <property name="line.separator" value="&#10;"/>
    <property name="java.specification.name" value="Java Platform API Specification"/>
    <property name="java.vm.specification.vendor" value="Oracle Corporation"/>
    <property name="surefire.real.class.path" value="/home/daniele/IdeaProjects/BookShopOnline25/target/surefire/surefirebooter8787706483638246357.jar"/>
    <property name="sun.management.compiler" value="HotSpot 64-Bit Tiered Compilers"/>
    <property name="java.runtime.version" value="17.0.15+6-Ubuntu-0ubuntu124.04"/>
    <property name="user.name" value="daniele"/>
    <property name="path.separator" value=":"/>
    <property name="os.version" value="6.14.0-27-generic"/>
    <property name="java.runtime.name" value="OpenJDK Runtime Environment"/>
    <property name="file.encoding" value="UTF-8"/>
    <property name="java.vm.name" value="OpenJDK 64-Bit Server VM"/>
    <property name="localRepository" value="/home/daniele/.m2/repository"/>
    <property name="java.vendor.url.bug" value="https://bugs.launchpad.net/ubuntu/+source/openjdk-17"/>
    <property name="java.io.tmpdir" value="/tmp"/>
    <property name="java.version" value="17.0.15"/>
    <property name="user.dir" value="/home/daniele/IdeaProjects/BookShopOnline25"/>
    <property name="os.arch" value="amd64"/>
    <property name="java.vm.specification.name" value="Java Virtual Machine Specification"/>
    <property name="native.encoding" value="UTF-8"/>
    <property name="java.library.path" value="/usr/java/packages/lib:/usr/lib/x86_64-linux-gnu/jni:/lib/x86_64-linux-gnu:/usr/lib/x86_64-linux-gnu:/usr/lib/jni:/lib:/usr/lib"/>
    <property name="java.vm.info" value="mixed mode, sharing"/>
    <property name="java.vendor" value="Ubuntu"/>
    <property name="java.vm.version" value="17.0.15+6-Ubuntu-0ubuntu124.04"/>
    <property name="java.specification.maintenance.version" value="1"/>
    <property name="sun.io.unicode.encoding" value="UnicodeLittle"/>
    <property name="java.class.version" value="61.0"/>
  </properties>
  <testcase name="testLoginAsEditore" classname="demo.secondouclogin.TestDemoLogin" time="0.033">
    <system-err><![CDATA[ago 17, 2025 7:58:22 PM laptop.controller.primoucacquista.ControllerPagamentoCash <init>
INFORMAZIONI: costructor
ago 17, 2025 7:58:22 PM laptop.controller.primoucacquista.ControllerPagamentoCC <init>
INFORMAZIONI: costructor
ago 17, 2025 7:58:22 PM laptop.controller.secondouclogin.ControllerLogin login
GRAVE:  user not found!!
ago 17, 2025 7:58:22 PM laptop.controller.primoucacquista.ControllerHomePage inizializzaGiornale
INFORMAZIONI: type of persistency of daily laptop.database.primoucacquista.giornale.MemoriaGiornale@36df4c26
ago 17, 2025 7:58:22 PM laptop.controller.primoucacquista.ControllerPagamentoCC checkCorrettezzaAnno
INFORMAZIONI:  year is correct
ago 17, 2025 7:58:22 PM laptop.controller.primoucacquista.ControllerPagamentoCC checkCorrettezzaMese
INFORMAZIONI:  month is correct . 9
ago 17, 2025 7:58:22 PM laptop.controller.primoucacquista.ControllerPagamentoCC getMeseGiorno
GRAVE: month/day is incorrect
ago 17, 2025 7:58:22 PM laptop.controller.primoucacquista.ControllerPagamentoCC checkCorrettezzaGiorno
INFORMAZIONI:  giorno is correct . 9
ago 17, 2025 7:58:22 PM laptop.database.primoucacquista.pagamentocartacredito.MemoriaPagamentoCartaCredito inserisciPagamentoCartaCredito
INFORMAZIONI: payment is wrote
ago 17, 2025 7:58:22 PM laptop.controller.primoucacquista.ControllerPagamentoCC pagamentoCC
INFORMAZIONI:  payment success with id . 2
ago 17, 2025 7:58:22 PM laptop.controller.primoucacquista.ControllerPagamentoCC pagamentoCC
INFORMAZIONI: repo cc correct inserted
ago 17, 2025 7:58:22 PM laptop.model.user.User annullaUtente
INFORMAZIONI:  user data is cleaned
]]></system-err>
  </testcase>
  <testcase name="testLoginAsScrittore" classname="demo.secondouclogin.TestDemoLogin" time="0.021">
    <system-err><![CDATA[ago 17, 2025 7:58:22 PM laptop.controller.primoucacquista.ControllerHomePage inizializzaRivista
INFORMAZIONI: type of persistency of magazine laptop.database.primoucacquista.rivista.MemoriaRivista@67eeb310
ago 17, 2025 7:58:22 PM laptop.database.primoucacquista.pagamentofattura.MemoriaFattura inserisciPagamentoFattura
INFORMAZIONI: fattura is wrote [PagamentoFattura{nome='prova', cognome='prova', ammontare=12.0, idFattura=1, email='', idProdotto=6}, PagamentoFattura{nome='giulia', cognome='conforto', ammontare=4.0, idFattura=2, email='zerocalcare@gmail.com', idProdotto=3}]
ago 17, 2025 7:58:22 PM laptop.controller.primoucacquista.ControllerPagamentoCash controlla
INFORMAZIONI: payment success with id . 2
ago 17, 2025 7:58:22 PM laptop.database.primoucacquista.pagamentototale.PagamentoTotaleMemoria inserisciPagamentoFattura
INFORMAZIONI:  list  after insert : .:
ago 17, 2025 7:58:22 PM laptop.controller.primoucacquista.ControllerPagamentoCash controlla
INFORMAZIONI: repo cash correct inserted
ago 17, 2025 7:58:22 PM laptop.controller.primoucacquista.ControllerDownload acquistaRivista
INFORMAZIONI:  id eliminated magazine2
ago 17, 2025 7:58:22 PM laptop.database.MemoryInitialize inserisci
INFORMAZIONI: inserted rivista in list : 
ago 17, 2025 7:58:22 PM laptop.controller.primoucacquista.ControllerDownload acquistaRivista
INFORMAZIONI: update magazine succesfully!!
ago 17, 2025 7:58:22 PM laptop.model.user.User annullaUtente
INFORMAZIONI:  user data is cleaned
]]></system-err>
  </testcase>
  <testcase name="testLoginAsUser" classname="demo.secondouclogin.TestDemoLogin" time="0.088">
    <system-err><![CDATA[ago 17, 2025 7:58:22 PM laptop.controller.primoucacquista.ControllerHomePage inizializzaLibro
INFORMAZIONI: type of persistency of book laptop.database.primoucacquista.libro.MemoriaLibro@7dd91ffc
ago 17, 2025 7:58:22 PM laptop.database.primoucacquista.pagamentofattura.MemoriaFattura inserisciPagamentoFattura
INFORMAZIONI: fattura is wrote [PagamentoFattura{nome='prova', cognome='prova', ammontare=12.0, idFattura=1, email='', idProdotto=6}, PagamentoFattura{nome='giulia', cognome='conforto', ammontare=4.0, idFattura=2, email='zerocalcare@gmail.com', idProdotto=3}, PagamentoFattura{nome='giulia', cognome='conforto', ammontare=9.99, idFattura=3, email='giuliaConforto@gmail.eu', idProdotto=8}]
ago 17, 2025 7:58:22 PM laptop.controller.primoucacquista.ControllerPagamentoCash controlla
INFORMAZIONI: payment success with id . 3
ago 17, 2025 7:58:22 PM laptop.database.primoucacquista.pagamentototale.PagamentoTotaleMemoria inserisciPagamentoFattura
INFORMAZIONI:  list  after insert : .:
ago 17, 2025 7:58:22 PM laptop.controller.primoucacquista.ControllerPagamentoCash controlla
INFORMAZIONI: repo cash correct inserted
ago 17, 2025 7:58:22 PM laptop.controller.primoucacquista.ControllerDownload acquistaLibro
INFORMAZIONI:  id eliminated book 7
ago 17, 2025 7:58:22 PM laptop.database.MemoryInitialize inserisci
INFORMAZIONI: inserted libro in list :
ago 17, 2025 7:58:22 PM laptop.controller.primoucacquista.ControllerDownload acquistaLibro
INFORMAZIONI: update book succesfully!!
ago 17, 2025 7:58:22 PM laptop.model.user.User annullaUtente
INFORMAZIONI:  user data is cleaned
]]></system-err>
  </testcase>
</testsuite>